<?xml version="1.0" encoding="UTF-8"?>
<!-- Generated by org.testng.reporters.JUnitReportReporter -->
<testsuite hostname="DESKTOP-1M70PBH" failures="0" tests="1" name="DNREC_AQ.OpenBurn_Indivisual" time="0.591" errors="0" timestamp="2025-07-05T17:38:17 IST" skipped="0">
  <testcase classname="DNREC_AQ.OpenBurn_Indivisual" name="LoginToIndy" time="0.591"/>
</testsuite> <!-- DNREC_AQ.OpenBurn_Indivisual -->
