<?xml version="1.0" encoding="UTF-8"?>
<!-- Generated by org.testng.reporters.JUnitReportReporter -->
<testsuite hostname="DESKTOP-1M70PBH" failures="0" tests="1" name="DNREC_AQ.OpenBurn_Prescribed" time="0.000" errors="0" timestamp="2025-07-08T07:20:21 IST" skipped="0">
  <testcase classname="DNREC_AQ.OpenBurn_Prescribed" name="OpenBurnp" time="0.000"/>
</testsuite> <!-- DNREC_AQ.OpenBurn_Prescribed -->
