<?xml version="1.0" encoding="UTF-8"?>
<!-- Generated by org.testng.reporters.JUnitReportReporter -->
<testsuite hostname="DESKTOP-1M70PBH" failures="0" tests="5" name="DNREC_AQ.ExtReportDemo" time="1.030" errors="0" timestamp="2025-07-07T16:13:53 IST" skipped="0">
  <testcase classname="DNREC_AQ.ExtReportDemo" name="E2Eflow_Asbestos" time="0.774"/>
  <testcase classname="DNREC_AQ.ExtReportDemo" name="E2Eflow_water" time="0.049"/>
  <testcase classname="DNREC_AQ.ExtReportDemo" name="E2Eflow_Autobody" time="0.088"/>
  <testcase classname="DNREC_AQ.ExtReportDemo" name="E2Eflow_GDV" time="0.053"/>
  <testcase classname="DNREC_AQ.ExtReportDemo" name="LoginToApp" time="0.066"/>
</testsuite> <!-- DNREC_AQ.ExtReportDemo -->
